# JRE version: OpenJDK Runtime Environment Temurin-17.0.8.1+1 (17.0.8.1+1) (build 17.0.8.1+1)
# Java VM: OpenJDK 64-Bit Server VM Temurin-17.0.8.1+1 (17.0.8.1+1, mixed mode, emulated-client, tiered, compressed oops, compressed class ptrs, g1 gc, windows-amd64)
GC Precious Log:
 CPUs: 8 total, 8 available
 Memory: 24298M
 Large Page Support: Disabled
 NUMA Support: Disabled
 Compressed Oops: Enabled (32-bit)
 Heap Region Size: 1M
 Heap Min Capacity: 8M
 Heap Initial Capacity: 380M
 Heap Max Capacity: 1G
 Pre-touch: Disabled
 Parallel Workers: 8
 Concurrent Workers: 2
 Concurrent Refinement Workers: 8
 Periodic GC: Disabled
Heap:
 garbage-first heap   total 83968K, used 28702K [0x00000000c0000000, 0x0000000100000000)
  region size 1024K, 1 young (1024K), 0 survivors (0K)
 Metaspace       used 59275K, committed 59712K, reserved 1114112K
  class space    used 7292K, committed 7488K, reserved 1048576K
GC Heap History (20 events):
Event: 1373.768 GC heap before
{Heap before GC invocations=151 (full 117):
 garbage-first heap   total 83968K, used 28702K [0x00000000c0000000, 0x0000000100000000)
  region size 1024K, 1 young (1024K), 0 survivors (0K)
 Metaspace       used 59275K, committed 59712K, reserved 1114112K
  class space    used 7292K, committed 7488K, reserved 1048576K
}
Event: 1373.820 GC heap after
{Heap after GC invocations=152 (full 118):
 garbage-first heap   total 83968K, used 28702K [0x00000000c0000000, 0x0000000100000000)
  region size 1024K, 0 young (0K), 0 survivors (0K)
 Metaspace       used 59275K, committed 59712K, reserved 1114112K
  class space    used 7292K, committed 7488K, reserved 1048576K
}
Event: 1384.009 GC heap before
{Heap before GC invocations=152 (full 118):
 garbage-first heap   total 83968K, used 28702K [0x00000000c0000000, 0x0000000100000000)
  region size 1024K, 1 young (1024K), 0 survivors (0K)
 Metaspace       used 59275K, committed 59712K, reserved 1114112K
  class space    used 7292K, committed 7488K, reserved 1048576K
}
Event: 1384.064 GC heap after
{Heap after GC invocations=153 (full 119):
 garbage-first heap   total 83968K, used 28702K [0x00000000c0000000, 0x0000000100000000)
  region size 1024K, 0 young (0K), 0 survivors (0K)
 Metaspace       used 59275K, committed 59712K, reserved 1114112K
  class space    used 7292K, committed 7488K, reserved 1048576K
}
Event: 1394.249 GC heap before
{Heap before GC invocations=153 (full 119):
 garbage-first heap   total 83968K, used 28702K [0x00000000c0000000, 0x0000000100000000)
  region size 1024K, 1 young (1024K), 0 survivors (0K)
 Metaspace       used 59275K, committed 59712K, reserved 1114112K
  class space    used 7292K, committed 7488K, reserved 1048576K
}
Event: 1394.305 GC heap after
{Heap after GC invocations=154 (full 120):
 garbage-first heap   total 83968K, used 28702K [0x00000000c0000000, 0x0000000100000000)
  region size 1024K, 0 young (0K), 0 survivors (0K)
 Metaspace       used 59275K, committed 59712K, reserved 1114112K
  class space    used 7292K, committed 7488K, reserved 1048576K
}
Event: 1404.487 GC heap before
{Heap before GC invocations=154 (full 120):
 garbage-first heap   total 83968K, used 28702K [0x00000000c0000000, 0x0000000100000000)
  region size 1024K, 1 young (1024K), 0 survivors (0K)
 Metaspace       used 59275K, committed 59712K, reserved 1114112K
  class space    used 7292K, committed 7488K, reserved 1048576K
}
Event: 1404.539 GC heap after
{Heap after GC invocations=155 (full 121):
 garbage-first heap   total 83968K, used 28702K [0x00000000c0000000, 0x0000000100000000)
  region size 1024K, 0 young (0K), 0 survivors (0K)
 Metaspace       used 59275K, committed 59712K, reserved 1114112K
  class space    used 7292K, committed 7488K, reserved 1048576K
}
Event: 1414.741 GC heap before
{Heap before GC invocations=155 (full 121):
 garbage-first heap   total 83968K, used 28702K [0x00000000c0000000, 0x0000000100000000)
  region size 1024K, 1 young (1024K), 0 survivors (0K)
 Metaspace       used 59275K, committed 59712K, reserved 1114112K
  class space    used 7292K, committed 7488K, reserved 1048576K
}
Event: 1414.801 GC heap after
{Heap after GC invocations=156 (full 122):
 garbage-first heap   total 83968K, used 28702K [0x00000000c0000000, 0x0000000100000000)
  region size 1024K, 0 young (0K), 0 survivors (0K)
 Metaspace       used 59275K, committed 59712K, reserved 1114112K
  class space    used 7292K, committed 7488K, reserved 1048576K
}
Event: 1424.983 GC heap before
{Heap before GC invocations=156 (full 122):
 garbage-first heap   total 83968K, used 28702K [0x00000000c0000000, 0x0000000100000000)
  region size 1024K, 1 young (1024K), 0 survivors (0K)
 Metaspace       used 59275K, committed 59712K, reserved 1114112K
  class space    used 7292K, committed 7488K, reserved 1048576K
}
Event: 1425.031 GC heap after
{Heap after GC invocations=157 (full 123):
 garbage-first heap   total 83968K, used 28702K [0x00000000c0000000, 0x0000000100000000)
  region size 1024K, 0 young (0K), 0 survivors (0K)
 Metaspace       used 59275K, committed 59712K, reserved 1114112K
  class space    used 7292K, committed 7488K, reserved 1048576K
}
Event: 1435.257 GC heap before
{Heap before GC invocations=157 (full 123):
 garbage-first heap   total 83968K, used 28702K [0x00000000c0000000, 0x0000000100000000)
  region size 1024K, 1 young (1024K), 0 survivors (0K)
 Metaspace       used 59275K, committed 59712K, reserved 1114112K
  class space    used 7292K, committed 7488K, reserved 1048576K
}
Event: 1435.311 GC heap after
{Heap after GC invocations=158 (full 124):
 garbage-first heap   total 83968K, used 28702K [0x00000000c0000000, 0x0000000100000000)
  region size 1024K, 0 young (0K), 0 survivors (0K)
 Metaspace       used 59275K, committed 59712K, reserved 1114112K
  class space    used 7292K, committed 7488K, reserved 1048576K
}
Event: 1445.490 GC heap before
{Heap before GC invocations=158 (full 124):
 garbage-first heap   total 83968K, used 28702K [0x00000000c0000000, 0x0000000100000000)
  region size 1024K, 1 young (1024K), 0 survivors (0K)
 Metaspace       used 59275K, committed 59712K, reserved 1114112K
  class space    used 7292K, committed 7488K, reserved 1048576K
}
Event: 1445.559 GC heap after
{Heap after GC invocations=159 (full 125):
 garbage-first heap   total 83968K, used 28702K [0x00000000c0000000, 0x0000000100000000)
  region size 1024K, 0 young (0K), 0 survivors (0K)
 Metaspace       used 59275K, committed 59712K, reserved 1114112K
  class space    used 7292K, committed 7488K, reserved 1048576K
}
Event: 1455.764 GC heap before
{Heap before GC invocations=159 (full 125):
 garbage-first heap   total 83968K, used 28702K [0x00000000c0000000, 0x0000000100000000)
  region size 1024K, 1 young (1024K), 0 survivors (0K)
 Metaspace       used 59275K, committed 59712K, reserved 1114112K
  class space    used 7292K, committed 7488K, reserved 1048576K
}
Event: 1455.817 GC heap after
{Heap after GC invocations=160 (full 126):
 garbage-first heap   total 83968K, used 28702K [0x00000000c0000000, 0x0000000100000000)
  region size 1024K, 0 young (0K), 0 survivors (0K)
 Metaspace       used 59275K, committed 59712K, reserved 1114112K
  class space    used 7292K, committed 7488K, reserved 1048576K
}
Event: 1466.022 GC heap before
{Heap before GC invocations=160 (full 126):
 garbage-first heap   total 83968K, used 28702K [0x00000000c0000000, 0x0000000100000000)
  region size 1024K, 1 young (1024K), 0 survivors (0K)
 Metaspace       used 59275K, committed 59712K, reserved 1114112K
  class space    used 7292K, committed 7488K, reserved 1048576K
}
Event: 1466.072 GC heap after
{Heap after GC invocations=161 (full 127):
 garbage-first heap   total 83968K, used 28702K [0x00000000c0000000, 0x0000000100000000)
  region size 1024K, 0 young (0K), 0 survivors (0K)
 Metaspace       used 59275K, committed 59712K, reserved 1114112K
  class space    used 7292K, committed 7488K, reserved 1048576K
}

