# JRE version: OpenJDK Runtime Environment Temurin-17.0.8.1+1 (17.0.8.1+1) (build 17.0.8.1+1)
# Java VM: OpenJDK 64-Bit Server VM Temurin-17.0.8.1+1 (17.0.8.1+1, mixed mode, emulated-client, tiered, compressed oops, compressed class ptrs, g1 gc, windows-amd64)
GC Precious Log:
 CPUs: 8 total, 8 available
 Memory: 24298M
 Large Page Support: Disabled
 NUMA Support: Disabled
 Compressed Oops: Enabled (32-bit)
 Heap Region Size: 1M
 Heap Min Capacity: 8M
 Heap Initial Capacity: 380M
 Heap Max Capacity: 1G
 Pre-touch: Disabled
 Parallel Workers: 8
 Concurrent Workers: 2
 Concurrent Refinement Workers: 8
 Periodic GC: Disabled
Heap:
 garbage-first heap   total 116736K, used 35193K [0x00000000c0000000, 0x0000000100000000)
  region size 1024K, 1 young (1024K), 0 survivors (0K)
 Metaspace       used 60064K, committed 60544K, reserved 1114112K
  class space    used 7428K, committed 7616K, reserved 1048576K
GC Heap History (20 events):
Event: 31923.453 GC heap before
{Heap before GC invocations=2394 (full 1961):
 garbage-first heap   total 116736K, used 35193K [0x00000000c0000000, 0x0000000100000000)
  region size 1024K, 1 young (1024K), 0 survivors (0K)
 Metaspace       used 60064K, committed 60544K, reserved 1114112K
  class space    used 7428K, committed 7616K, reserved 1048576K
}
Event: 31923.502 GC heap after
{Heap after GC invocations=2395 (full 1962):
 garbage-first heap   total 116736K, used 35193K [0x00000000c0000000, 0x0000000100000000)
  region size 1024K, 0 young (0K), 0 survivors (0K)
 Metaspace       used 60064K, committed 60544K, reserved 1114112K
  class space    used 7428K, committed 7616K, reserved 1048576K
}
Event: 31933.653 GC heap before
{Heap before GC invocations=2395 (full 1962):
 garbage-first heap   total 116736K, used 35193K [0x00000000c0000000, 0x0000000100000000)
  region size 1024K, 1 young (1024K), 0 survivors (0K)
 Metaspace       used 60064K, committed 60544K, reserved 1114112K
  class space    used 7428K, committed 7616K, reserved 1048576K
}
Event: 31933.696 GC heap after
{Heap after GC invocations=2396 (full 1963):
 garbage-first heap   total 116736K, used 35193K [0x00000000c0000000, 0x0000000100000000)
  region size 1024K, 0 young (0K), 0 survivors (0K)
 Metaspace       used 60064K, committed 60544K, reserved 1114112K
  class space    used 7428K, committed 7616K, reserved 1048576K
}
Event: 31943.847 GC heap before
{Heap before GC invocations=2396 (full 1963):
 garbage-first heap   total 116736K, used 35193K [0x00000000c0000000, 0x0000000100000000)
  region size 1024K, 1 young (1024K), 0 survivors (0K)
 Metaspace       used 60064K, committed 60544K, reserved 1114112K
  class space    used 7428K, committed 7616K, reserved 1048576K
}
Event: 31943.894 GC heap after
{Heap after GC invocations=2397 (full 1964):
 garbage-first heap   total 116736K, used 35193K [0x00000000c0000000, 0x0000000100000000)
  region size 1024K, 0 young (0K), 0 survivors (0K)
 Metaspace       used 60064K, committed 60544K, reserved 1114112K
  class space    used 7428K, committed 7616K, reserved 1048576K
}
Event: 31954.033 GC heap before
{Heap before GC invocations=2397 (full 1964):
 garbage-first heap   total 116736K, used 35193K [0x00000000c0000000, 0x0000000100000000)
  region size 1024K, 1 young (1024K), 0 survivors (0K)
 Metaspace       used 60064K, committed 60544K, reserved 1114112K
  class space    used 7428K, committed 7616K, reserved 1048576K
}
Event: 31954.073 GC heap after
{Heap after GC invocations=2398 (full 1965):
 garbage-first heap   total 116736K, used 35193K [0x00000000c0000000, 0x0000000100000000)
  region size 1024K, 0 young (0K), 0 survivors (0K)
 Metaspace       used 60064K, committed 60544K, reserved 1114112K
  class space    used 7428K, committed 7616K, reserved 1048576K
}
Event: 31964.230 GC heap before
{Heap before GC invocations=2398 (full 1965):
 garbage-first heap   total 116736K, used 35193K [0x00000000c0000000, 0x0000000100000000)
  region size 1024K, 1 young (1024K), 0 survivors (0K)
 Metaspace       used 60064K, committed 60544K, reserved 1114112K
  class space    used 7428K, committed 7616K, reserved 1048576K
}
Event: 31964.290 GC heap after
{Heap after GC invocations=2399 (full 1966):
 garbage-first heap   total 116736K, used 35193K [0x00000000c0000000, 0x0000000100000000)
  region size 1024K, 0 young (0K), 0 survivors (0K)
 Metaspace       used 60064K, committed 60544K, reserved 1114112K
  class space    used 7428K, committed 7616K, reserved 1048576K
}
Event: 31974.447 GC heap before
{Heap before GC invocations=2399 (full 1966):
 garbage-first heap   total 116736K, used 35193K [0x00000000c0000000, 0x0000000100000000)
  region size 1024K, 1 young (1024K), 0 survivors (0K)
 Metaspace       used 60064K, committed 60544K, reserved 1114112K
  class space    used 7428K, committed 7616K, reserved 1048576K
}
Event: 31974.508 GC heap after
{Heap after GC invocations=2400 (full 1967):
 garbage-first heap   total 116736K, used 35193K [0x00000000c0000000, 0x0000000100000000)
  region size 1024K, 0 young (0K), 0 survivors (0K)
 Metaspace       used 60064K, committed 60544K, reserved 1114112K
  class space    used 7428K, committed 7616K, reserved 1048576K
}
Event: 31984.654 GC heap before
{Heap before GC invocations=2400 (full 1967):
 garbage-first heap   total 116736K, used 35193K [0x00000000c0000000, 0x0000000100000000)
  region size 1024K, 1 young (1024K), 0 survivors (0K)
 Metaspace       used 60064K, committed 60544K, reserved 1114112K
  class space    used 7428K, committed 7616K, reserved 1048576K
}
Event: 31984.737 GC heap after
{Heap after GC invocations=2401 (full 1968):
 garbage-first heap   total 116736K, used 35193K [0x00000000c0000000, 0x0000000100000000)
  region size 1024K, 0 young (0K), 0 survivors (0K)
 Metaspace       used 60064K, committed 60544K, reserved 1114112K
  class space    used 7428K, committed 7616K, reserved 1048576K
}
Event: 31994.899 GC heap before
{Heap before GC invocations=2401 (full 1968):
 garbage-first heap   total 116736K, used 35193K [0x00000000c0000000, 0x0000000100000000)
  region size 1024K, 1 young (1024K), 0 survivors (0K)
 Metaspace       used 60064K, committed 60544K, reserved 1114112K
  class space    used 7428K, committed 7616K, reserved 1048576K
}
Event: 31994.948 GC heap after
{Heap after GC invocations=2402 (full 1969):
 garbage-first heap   total 116736K, used 35193K [0x00000000c0000000, 0x0000000100000000)
  region size 1024K, 0 young (0K), 0 survivors (0K)
 Metaspace       used 60064K, committed 60544K, reserved 1114112K
  class space    used 7428K, committed 7616K, reserved 1048576K
}
Event: 32639.471 GC heap before
{Heap before GC invocations=2402 (full 1969):
 garbage-first heap   total 116736K, used 35193K [0x00000000c0000000, 0x0000000100000000)
  region size 1024K, 1 young (1024K), 0 survivors (0K)
 Metaspace       used 60064K, committed 60544K, reserved 1114112K
  class space    used 7428K, committed 7616K, reserved 1048576K
}
Event: 32639.530 GC heap after
{Heap after GC invocations=2403 (full 1970):
 garbage-first heap   total 116736K, used 35193K [0x00000000c0000000, 0x0000000100000000)
  region size 1024K, 0 young (0K), 0 survivors (0K)
 Metaspace       used 60064K, committed 60544K, reserved 1114112K
  class space    used 7428K, committed 7616K, reserved 1048576K
}
Event: 32650.053 GC heap before
{Heap before GC invocations=2403 (full 1970):
 garbage-first heap   total 116736K, used 35193K [0x00000000c0000000, 0x0000000100000000)
  region size 1024K, 1 young (1024K), 0 survivors (0K)
 Metaspace       used 60064K, committed 60544K, reserved 1114112K
  class space    used 7428K, committed 7616K, reserved 1048576K
}
Event: 32650.146 GC heap after
{Heap after GC invocations=2404 (full 1971):
 garbage-first heap   total 116736K, used 35193K [0x00000000c0000000, 0x0000000100000000)
  region size 1024K, 0 young (0K), 0 survivors (0K)
 Metaspace       used 60064K, committed 60544K, reserved 1114112K
  class space    used 7428K, committed 7616K, reserved 1048576K
}

